d:\qt_prog\for_eidos_2\classes\debug\classes.pch
d:\qt_prog\for_eidos_2\classes\debug\vc140.pdb
d:\qt_prog\for_eidos_2\classes\debug\vc140.idb
d:\qt_prog\for_eidos_2\classes\debug\stdafx.obj
d:\qt_prog\for_eidos_2\classes\debug\assembler.obj
d:\qt_prog\for_eidos_2\classes\debug\classes.obj
d:\qt_prog\for_eidos_2\classes\debug\cppdeveloper.obj
d:\qt_prog\for_eidos_2\classes\debug\developer.obj
d:\qt_prog\for_eidos_2\classes\debug\economist.obj
d:\qt_prog\for_eidos_2\classes\debug\electronicsengineer.obj
d:\qt_prog\for_eidos_2\classes\debug\employee.obj
d:\qt_prog\for_eidos_2\classes\debug\dllmain.obj
d:\qt_prog\for_eidos_2\debug\classes.lib
d:\qt_prog\for_eidos_2\debug\classes.exp
d:\qt_prog\for_eidos_2\debug\classes.ilk
d:\qt_prog\for_eidos_2\debug\classes.dll
d:\qt_prog\for_eidos_2\debug\classes.pdb
d:\qt_prog\for_eidos_2\classes\debug\classes.tlog\cl.command.1.tlog
d:\qt_prog\for_eidos_2\classes\debug\classes.tlog\cl.read.1.tlog
d:\qt_prog\for_eidos_2\classes\debug\classes.tlog\cl.write.1.tlog
d:\qt_prog\for_eidos_2\classes\debug\classes.tlog\classes.write.1u.tlog
d:\qt_prog\for_eidos_2\classes\debug\classes.tlog\link.command.1.tlog
d:\qt_prog\for_eidos_2\classes\debug\classes.tlog\link.read.1.tlog
d:\qt_prog\for_eidos_2\classes\debug\classes.tlog\link.write.1.tlog
